<?xml version="1.0" encoding="utf-8"?><testsuites name="pytest tests"><testsuite name="pytest" errors="0" failures="0" skipped="0" tests="9" time="2.735" timestamp="2026-02-18T12:14:31.671622+00:00" hostname="agent-env-42e8244d-3b9d-4f8c-bf7d-5425a1185786"><testcase classname="backend.tests.test_auth_redirect_fix.TestAuthEndpoints" name="test_api_health_check" time="0.189" /><testcase classname="backend.tests.test_auth_redirect_fix.TestAuthEndpoints" name="test_signup_new_user_returns_token" time="0.341" /><testcase classname="backend.tests.test_auth_redirect_fix.TestAuthEndpoints" name="test_login_existing_user_returns_token" time="0.333" /><testcase classname="backend.tests.test_auth_redirect_fix.TestAuthEndpoints" name="test_login_with_invalid_credentials_returns_401" time="0.113" /><testcase classname="backend.tests.test_auth_redirect_fix.TestAuthEndpoints" name="test_protected_endpoint_requires_auth" time="0.100" /><testcase classname="backend.tests.test_auth_redirect_fix.TestAuthEndpoints" name="test_protected_endpoint_with_valid_token" time="0.449" /><testcase classname="backend.tests.test_auth_redirect_fix.TestAuthEndpoints" name="test_me_endpoint_returns_user_data" time="0.456" /><testcase classname="backend.tests.test_auth_redirect_fix.TestAuthEndpoints" name="test_logout_clears_session" time="0.465" /><testcase classname="backend.tests.test_auth_redirect_fix.TestAuthEndpoints" name="test_signup_duplicate_email_returns_400" time="0.107" /></testsuite></testsuites>