<?xml version="1.0" encoding="utf-8"?><testsuites name="pytest tests"><testsuite name="pytest" errors="0" failures="0" skipped="0" tests="10" time="30.186" timestamp="2026-02-21T10:47:43.230149+00:00" hostname="agent-env-081f6705-4a46-4d1c-afd1-d0bb6977e50e"><testcase classname="backend.tests.test_document_collection.TestDocumentCollection" name="test_request_documents_endpoint" time="6.704" /><testcase classname="backend.tests.test_document_collection.TestDocumentCollection" name="test_get_documents_endpoint" time="0.101" /><testcase classname="backend.tests.test_document_collection.TestDocumentCollection" name="test_update_documents_received" time="0.413" /><testcase classname="backend.tests.test_document_collection.TestDocumentCollection" name="test_documents_complete_status" time="0.248" /><testcase classname="backend.tests.test_document_collection.TestDocumentCollection" name="test_documents_not_found_for_new_lead" time="5.122" /><testcase classname="backend.tests.test_document_collection.TestDocumentCollection" name="test_multi_tenancy_document_isolation" time="0.429" /><testcase classname="backend.tests.test_document_collection.TestDocumentCollection" name="test_activity_logging" time="0.110" /><testcase classname="backend.tests.test_document_collection.TestDocumentCollection" name="test_badge_display_data" time="5.830" /><testcase classname="backend.tests.test_document_collection.TestLeadScoreAndQualification" name="test_high_score_lead_qualifies" time="5.380" /><testcase classname="backend.tests.test_document_collection.TestLeadScoreAndQualification" name="test_low_score_lead_does_not_qualify" time="5.678" /></testsuite></testsuites>